1503315080018	geckodriver	INFO	geckodriver 0.18.0
1503315080029	geckodriver	INFO	Listening on 127.0.0.1:56306
1503315082056	geckodriver::marionette	INFO	Starting browser C:\Program Files (x86)\Mozilla Firefox\firefox.exe with args ["-marionette"]
1503315086867	Marionette	INFO	Listening on port 56314
1503315087294	Marionette	WARN	TLS certificate errors will be ignored for this session
1503315087379	Marionette	INFO	New connections will no longer be accepted
1503315087991	geckodriver	INFO	geckodriver 0.18.0
1503315088004	geckodriver	INFO	Listening on 127.0.0.1:56337
1503315090022	geckodriver::marionette	INFO	Starting browser C:\Program Files (x86)\Mozilla Firefox\firefox.exe with args ["-marionette"]
1503315094864	Marionette	INFO	Listening on port 56345
1503315095469	Marionette	WARN	TLS certificate errors will be ignored for this session
1503315095627	Marionette	INFO	New connections will no longer be accepted
1503315369918	geckodriver	INFO	geckodriver 0.18.0
1503315369927	geckodriver	INFO	Listening on 127.0.0.1:56674
1503315371958	geckodriver::marionette	INFO	Starting browser C:\Program Files (x86)\Mozilla Firefox\firefox.exe with args ["-marionette"]
1503315374726	Marionette	INFO	Listening on port 56682
1503315375086	Marionette	WARN	TLS certificate errors will be ignored for this session
1503315375158	Marionette	INFO	New connections will no longer be accepted
1503315375937	geckodriver	INFO	geckodriver 0.18.0
1503315375948	geckodriver	INFO	Listening on 127.0.0.1:56700
1503315377994	geckodriver::marionette	INFO	Starting browser C:\Program Files (x86)\Mozilla Firefox\firefox.exe with args ["-marionette"]
1503315380431	Marionette	INFO	Listening on port 56708
1503315381125	Marionette	WARN	TLS certificate errors will be ignored for this session
1503315381215	Marionette	INFO	New connections will no longer be accepted
1503315453388	geckodriver	INFO	geckodriver 0.18.0
1503315453397	geckodriver	INFO	Listening on 127.0.0.1:56801
1503315455456	geckodriver::marionette	INFO	Starting browser C:\Program Files (x86)\Mozilla Firefox\firefox.exe with args ["-marionette"]
1503315458847	Marionette	INFO	Listening on port 56809
1503315459090	Marionette	WARN	TLS certificate errors will be ignored for this session
1503315460600	Marionette	INFO	New connections will no longer be accepted
1503315460874	geckodriver	INFO	geckodriver 0.18.0
1503315460888	geckodriver	INFO	Listening on 127.0.0.1:56838
1503315462952	geckodriver::marionette	INFO	Starting browser C:\Program Files (x86)\Mozilla Firefox\firefox.exe with args ["-marionette"]
1503315466487	Marionette	INFO	Listening on port 56848
1503315466669	Marionette	WARN	TLS certificate errors will be ignored for this session
1503315467595	Marionette	INFO	New connections will no longer be accepted
1503321267295	geckodriver	INFO	geckodriver 0.18.0
1503321267310	geckodriver	INFO	Listening on 127.0.0.1:64203
1503321269360	geckodriver::marionette	INFO	Starting browser C:\Program Files (x86)\Mozilla Firefox\firefox.exe with args ["-marionette"]
1503321273239	Marionette	INFO	Listening on port 64211
1503321273487	Marionette	WARN	TLS certificate errors will be ignored for this session
1503321274553	Marionette	INFO	New connections will no longer be accepted
1503321275775	geckodriver	INFO	geckodriver 0.18.0
1503321275788	geckodriver	INFO	Listening on 127.0.0.1:64252
1503321277793	geckodriver::marionette	INFO	Starting browser C:\Program Files (x86)\Mozilla Firefox\firefox.exe with args ["-marionette"]
1503321290162	Marionette	INFO	Listening on port 64260
1503321290448	Marionette	WARN	TLS certificate errors will be ignored for this session
1503321291662	Marionette	INFO	New connections will no longer be accepted
1503322880538	geckodriver	INFO	geckodriver 0.18.0
1503322880545	geckodriver	INFO	Listening on 127.0.0.1:49954
1503322882597	geckodriver::marionette	INFO	Starting browser C:\Program Files (x86)\Mozilla Firefox\firefox.exe with args ["-marionette"]
1503322886675	Marionette	INFO	Listening on port 49963
1503322886875	Marionette	WARN	TLS certificate errors will be ignored for this session
1503322888370	Marionette	INFO	New connections will no longer be accepted
1503322888868	geckodriver	INFO	geckodriver 0.18.0
1503322888881	geckodriver	INFO	Listening on 127.0.0.1:50003
1503322890950	geckodriver::marionette	INFO	Starting browser C:\Program Files (x86)\Mozilla Firefox\firefox.exe with args ["-marionette"]
1503322895680	Marionette	INFO	Listening on port 50011
1503322896464	Marionette	WARN	TLS certificate errors will be ignored for this session
1503322897656	Marionette	INFO	New connections will no longer be accepted
1503323038157	geckodriver	INFO	geckodriver 0.18.0
1503323038170	geckodriver	INFO	Listening on 127.0.0.1:50207
1503323040236	geckodriver::marionette	INFO	Starting browser C:\Program Files (x86)\Mozilla Firefox\firefox.exe with args ["-marionette"]
1503323044672	Marionette	INFO	Listening on port 50215
1503323045461	Marionette	WARN	TLS certificate errors will be ignored for this session
1503323047309	Marionette	INFO	New connections will no longer be accepted
1503323047816	geckodriver	INFO	geckodriver 0.18.0
1503323047831	geckodriver	INFO	Listening on 127.0.0.1:50259
1503323049870	geckodriver::marionette	INFO	Starting browser C:\Program Files (x86)\Mozilla Firefox\firefox.exe with args ["-marionette"]
1503323054316	Marionette	INFO	Listening on port 50267
1503323054469	Marionette	WARN	TLS certificate errors will be ignored for this session
1503323055831	Marionette	INFO	New connections will no longer be accepted
1503323247734	geckodriver	INFO	geckodriver 0.18.0
1503323247746	geckodriver	INFO	Listening on 127.0.0.1:50517
1503323249788	geckodriver::marionette	INFO	Starting browser C:\Program Files (x86)\Mozilla Firefox\firefox.exe with args ["-marionette"]
1503323254014	Marionette	INFO	Listening on port 50525
1503323255041	Marionette	WARN	TLS certificate errors will be ignored for this session
1503323256511	Marionette	INFO	New connections will no longer be accepted
1503323256971	geckodriver	INFO	geckodriver 0.18.0
1503323256986	geckodriver	INFO	Listening on 127.0.0.1:50570
1503323259017	geckodriver::marionette	INFO	Starting browser C:\Program Files (x86)\Mozilla Firefox\firefox.exe with args ["-marionette"]
1503323263188	Marionette	INFO	Listening on port 50578
1503323263504	Marionette	WARN	TLS certificate errors will be ignored for this session
1503323266201	Marionette	INFO	New connections will no longer be accepted
1503323403257	geckodriver	INFO	geckodriver 0.18.0
1503323403267	geckodriver	INFO	Listening on 127.0.0.1:50789
1503323405323	geckodriver::marionette	INFO	Starting browser C:\Program Files (x86)\Mozilla Firefox\firefox.exe with args ["-marionette"]
1503323409767	Marionette	INFO	Listening on port 50798
1503323410677	Marionette	WARN	TLS certificate errors will be ignored for this session
1503323412460	Marionette	INFO	New connections will no longer be accepted
1503323412975	geckodriver	INFO	geckodriver 0.18.0
1503323412991	geckodriver	INFO	Listening on 127.0.0.1:50843
1503323415036	geckodriver::marionette	INFO	Starting browser C:\Program Files (x86)\Mozilla Firefox\firefox.exe with args ["-marionette"]
1503323419437	Marionette	INFO	Listening on port 50853
1503323420475	Marionette	WARN	TLS certificate errors will be ignored for this session
1503323421577	Marionette	INFO	New connections will no longer be accepted
1503323618991	geckodriver	INFO	geckodriver 0.18.0
1503323619003	geckodriver	INFO	Listening on 127.0.0.1:51116
1503323621021	geckodriver::marionette	INFO	Starting browser C:\Program Files (x86)\Mozilla Firefox\firefox.exe with args ["-marionette"]
1503323624767	Marionette	INFO	Listening on port 51124
1503323625167	Marionette	WARN	TLS certificate errors will be ignored for this session
1503323626719	Marionette	INFO	New connections will no longer be accepted
1503323627116	geckodriver	INFO	geckodriver 0.18.0
1503323627145	geckodriver	INFO	Listening on 127.0.0.1:51166
1503323629204	geckodriver::marionette	INFO	Starting browser C:\Program Files (x86)\Mozilla Firefox\firefox.exe with args ["-marionette"]
1503323633261	Marionette	INFO	Listening on port 51174
1503323633466	Marionette	WARN	TLS certificate errors will be ignored for this session
1503323634715	Marionette	INFO	New connections will no longer be accepted
1503323688545	geckodriver	INFO	geckodriver 0.18.0
1503323688557	geckodriver	INFO	Listening on 127.0.0.1:51272
1503323690629	geckodriver::marionette	INFO	Starting browser C:\Program Files (x86)\Mozilla Firefox\firefox.exe with args ["-marionette"]
1503323694299	Marionette	INFO	Listening on port 51280
1503323694771	Marionette	WARN	TLS certificate errors will be ignored for this session
1503323696928	Marionette	INFO	New connections will no longer be accepted
1503323697387	geckodriver	INFO	geckodriver 0.18.0
1503323697401	geckodriver	INFO	Listening on 127.0.0.1:51321
1503323699432	geckodriver::marionette	INFO	Starting browser C:\Program Files (x86)\Mozilla Firefox\firefox.exe with args ["-marionette"]
1503323703212	Marionette	INFO	Listening on port 51332
1503323703711	Marionette	WARN	TLS certificate errors will be ignored for this session
1503323704989	Marionette	INFO	New connections will no longer be accepted
1503323760140	geckodriver	INFO	geckodriver 0.18.0
1503323760153	geckodriver	INFO	Listening on 127.0.0.1:51433
1503323762176	geckodriver::marionette	INFO	Starting browser C:\Program Files (x86)\Mozilla Firefox\firefox.exe with args ["-marionette"]
1503323767561	Marionette	INFO	Listening on port 51441
1503323767830	Marionette	WARN	TLS certificate errors will be ignored for this session
1503323770215	Marionette	INFO	New connections will no longer be accepted
1503323770810	geckodriver	INFO	geckodriver 0.18.0
1503323770823	geckodriver	INFO	Listening on 127.0.0.1:51487
1503323772867	geckodriver::marionette	INFO	Starting browser C:\Program Files (x86)\Mozilla Firefox\firefox.exe with args ["-marionette"]
1503323778629	Marionette	INFO	Listening on port 51497
1503323779121	Marionette	WARN	TLS certificate errors will be ignored for this session
1503323781703	Marionette	INFO	New connections will no longer be accepted
1503323895954	geckodriver	INFO	geckodriver 0.18.0
1503323895968	geckodriver	INFO	Listening on 127.0.0.1:51675
1503323898017	geckodriver::marionette	INFO	Starting browser C:\Program Files (x86)\Mozilla Firefox\firefox.exe with args ["-marionette"]
1503323901448	Marionette	INFO	Listening on port 51684
1503323901663	Marionette	WARN	TLS certificate errors will be ignored for this session
1503323903207	Marionette	INFO	New connections will no longer be accepted
1503323903643	geckodriver	INFO	geckodriver 0.18.0
1503323903656	geckodriver	INFO	Listening on 127.0.0.1:51720
1503323905719	geckodriver::marionette	INFO	Starting browser C:\Program Files (x86)\Mozilla Firefox\firefox.exe with args ["-marionette"]
1503323909458	Marionette	INFO	Listening on port 51728
1503323909854	Marionette	WARN	TLS certificate errors will be ignored for this session
1503323911279	Marionette	INFO	New connections will no longer be accepted
1503324029567	geckodriver	INFO	geckodriver 0.18.0
1503324029579	geckodriver	INFO	Listening on 127.0.0.1:51901
1503324031655	geckodriver::marionette	INFO	Starting browser C:\Program Files (x86)\Mozilla Firefox\firefox.exe with args ["-marionette"]
1503324035507	Marionette	INFO	Listening on port 51909
1503324035800	Marionette	WARN	TLS certificate errors will be ignored for this session
1503324037292	Marionette	INFO	New connections will no longer be accepted
1503324038205	geckodriver	INFO	geckodriver 0.18.0
1503324038220	geckodriver	INFO	Listening on 127.0.0.1:51946
1503324040218	geckodriver::marionette	INFO	Starting browser C:\Program Files (x86)\Mozilla Firefox\firefox.exe with args ["-marionette"]
1503324044121	Marionette	INFO	Listening on port 51956
1503324044378	Marionette	WARN	TLS certificate errors will be ignored for this session
1503324045875	Marionette	INFO	New connections will no longer be accepted
1503324122411	geckodriver	INFO	geckodriver 0.18.0
1503324122420	geckodriver	INFO	Listening on 127.0.0.1:52082
1503324124440	geckodriver::marionette	INFO	Starting browser C:\Program Files (x86)\Mozilla Firefox\firefox.exe with args ["-marionette"]
1503324127575	Marionette	INFO	Listening on port 52090
1503324128058	Marionette	WARN	TLS certificate errors will be ignored for this session
1503324129397	Marionette	INFO	New connections will no longer be accepted
1503324129782	geckodriver	INFO	geckodriver 0.18.0
1503324129794	geckodriver	INFO	Listening on 127.0.0.1:52127
1503324131821	geckodriver::marionette	INFO	Starting browser C:\Program Files (x86)\Mozilla Firefox\firefox.exe with args ["-marionette"]
1503324134852	Marionette	INFO	Listening on port 52135
1503324134997	Marionette	WARN	TLS certificate errors will be ignored for this session
1503324136377	Marionette	INFO	New connections will no longer be accepted
1503324220545	geckodriver	INFO	geckodriver 0.18.0
1503324220556	geckodriver	INFO	Listening on 127.0.0.1:52304
1503324222611	geckodriver::marionette	INFO	Starting browser C:\Program Files (x86)\Mozilla Firefox\firefox.exe with args ["-marionette"]
1503324225926	Marionette	INFO	Listening on port 52312
1503324226234	Marionette	WARN	TLS certificate errors will be ignored for this session
1503324227710	Marionette	INFO	New connections will no longer be accepted
1503324228061	geckodriver	INFO	geckodriver 0.18.0
1503324228073	geckodriver	INFO	Listening on 127.0.0.1:52352
1503324230098	geckodriver::marionette	INFO	Starting browser C:\Program Files (x86)\Mozilla Firefox\firefox.exe with args ["-marionette"]
1503324233570	Marionette	INFO	Listening on port 52361
1503324233758	Marionette	WARN	TLS certificate errors will be ignored for this session
1503324235081	Marionette	INFO	New connections will no longer be accepted
1503330441629	geckodriver	INFO	geckodriver 0.18.0
1503330441644	geckodriver	INFO	Listening on 127.0.0.1:60232
1503330443681	geckodriver::marionette	INFO	Starting browser C:\Program Files (x86)\Mozilla Firefox\firefox.exe with args ["-marionette"]
1503330447063	Marionette	INFO	Listening on port 60241
1503330447320	Marionette	WARN	TLS certificate errors will be ignored for this session
1503330449099	Marionette	INFO	New connections will no longer be accepted
1503330449628	geckodriver	INFO	geckodriver 0.18.0
1503330449638	geckodriver	INFO	Listening on 127.0.0.1:60278
1503330451679	geckodriver::marionette	INFO	Starting browser C:\Program Files (x86)\Mozilla Firefox\firefox.exe with args ["-marionette"]
1503330454864	Marionette	INFO	Listening on port 60286
1503330455312	Marionette	WARN	TLS certificate errors will be ignored for this session
1503330455962	Marionette	INFO	New connections will no longer be accepted
1503330456329	geckodriver	INFO	geckodriver 0.18.0
1503330456339	geckodriver	INFO	Listening on 127.0.0.1:60315
1503330458402	geckodriver::marionette	INFO	Starting browser C:\Program Files (x86)\Mozilla Firefox\firefox.exe with args ["-marionette"]
1503330460942	Marionette	INFO	Listening on port 60323
1503330461542	Marionette	WARN	TLS certificate errors will be ignored for this session
1503330462439	Marionette	INFO	New connections will no longer be accepted
1503330622999	geckodriver	INFO	geckodriver 0.18.0
1503330623009	geckodriver	INFO	Listening on 127.0.0.1:60532
1503330625055	geckodriver::marionette	INFO	Starting browser C:\Program Files (x86)\Mozilla Firefox\firefox.exe with args ["-marionette"]
1503330627959	Marionette	INFO	Listening on port 60540
1503330628211	Marionette	WARN	TLS certificate errors will be ignored for this session
1503330628310	Marionette	INFO	New connections will no longer be accepted
1503330628650	geckodriver	INFO	geckodriver 0.18.0
1503330628662	geckodriver	INFO	Listening on 127.0.0.1:60558
1503330630681	geckodriver::marionette	INFO	Starting browser C:\Program Files (x86)\Mozilla Firefox\firefox.exe with args ["-marionette"]
1503330633230	Marionette	INFO	Listening on port 60566
1503330633814	Marionette	WARN	TLS certificate errors will be ignored for this session
1503330634701	Marionette	INFO	New connections will no longer be accepted
1503330634982	geckodriver	INFO	geckodriver 0.18.0
1503330634992	geckodriver	INFO	Listening on 127.0.0.1:60599
1503330637013	geckodriver::marionette	INFO	Starting browser C:\Program Files (x86)\Mozilla Firefox\firefox.exe with args ["-marionette"]
1503330639886	Marionette	INFO	Listening on port 60607
1503330640129	Marionette	WARN	TLS certificate errors will be ignored for this session
1503330640189	Marionette	INFO	New connections will no longer be accepted
1503330744158	geckodriver	INFO	geckodriver 0.18.0
1503330744168	geckodriver	INFO	Listening on 127.0.0.1:60749
1503330746219	geckodriver::marionette	INFO	Starting browser C:\Program Files (x86)\Mozilla Firefox\firefox.exe with args ["-marionette"]
1503330748907	Marionette	INFO	Listening on port 60757
1503330749350	Marionette	WARN	TLS certificate errors will be ignored for this session
1503330749417	Marionette	INFO	New connections will no longer be accepted
1503330750165	geckodriver	INFO	geckodriver 0.18.0
1503330750176	geckodriver	INFO	Listening on 127.0.0.1:60776
1503330752242	geckodriver::marionette	INFO	Starting browser C:\Program Files (x86)\Mozilla Firefox\firefox.exe with args ["-marionette"]
1503330754772	Marionette	INFO	Listening on port 60784
1503330755376	Marionette	WARN	TLS certificate errors will be ignored for this session
1503330756118	Marionette	INFO	New connections will no longer be accepted
1503330756438	geckodriver	INFO	geckodriver 0.18.0
1503330756447	geckodriver	INFO	Listening on 127.0.0.1:60813
1503330758518	geckodriver::marionette	INFO	Starting browser C:\Program Files (x86)\Mozilla Firefox\firefox.exe with args ["-marionette"]
1503330761065	Marionette	INFO	Listening on port 60821
1503330761648	Marionette	WARN	TLS certificate errors will be ignored for this session
1503330761725	Marionette	INFO	New connections will no longer be accepted
1503330805068	geckodriver	INFO	geckodriver 0.18.0
1503330805078	geckodriver	INFO	Listening on 127.0.0.1:60884
1503330807114	geckodriver::marionette	INFO	Starting browser C:\Program Files (x86)\Mozilla Firefox\firefox.exe with args ["-marionette"]
1503330809618	Marionette	INFO	Listening on port 60892
1503330810234	Marionette	WARN	TLS certificate errors will be ignored for this session
1503330811319	Marionette	INFO	New connections will no longer be accepted
1503330811656	geckodriver	INFO	geckodriver 0.18.0
1503330811667	geckodriver	INFO	Listening on 127.0.0.1:60929
1503330813710	geckodriver::marionette	INFO	Starting browser C:\Program Files (x86)\Mozilla Firefox\firefox.exe with args ["-marionette"]
1503330816827	Marionette	INFO	Listening on port 60937
1503330817345	Marionette	WARN	TLS certificate errors will be ignored for this session
1503330818341	Marionette	INFO	New connections will no longer be accepted
1503330818702	geckodriver	INFO	geckodriver 0.18.0
1503330818715	geckodriver	INFO	Listening on 127.0.0.1:60968
1503330820765	geckodriver::marionette	INFO	Starting browser C:\Program Files (x86)\Mozilla Firefox\firefox.exe with args ["-marionette"]
1503330824793	Marionette	INFO	Listening on port 60976
1503330825096	Marionette	WARN	TLS certificate errors will be ignored for this session
1503330826299	Marionette	INFO	New connections will no longer be accepted
1503331322784	geckodriver	INFO	geckodriver 0.18.0
1503331322794	geckodriver	INFO	Listening on 127.0.0.1:61579
1503331324866	geckodriver::marionette	INFO	Starting browser C:\Program Files (x86)\Mozilla Firefox\firefox.exe with args ["-marionette"]
1503331327886	Marionette	INFO	Listening on port 61587
1503331328070	Marionette	WARN	TLS certificate errors will be ignored for this session
1503331329246	Marionette	INFO	New connections will no longer be accepted
1503331329615	geckodriver	INFO	geckodriver 0.18.0
1503331329625	geckodriver	INFO	Listening on 127.0.0.1:61623
1503331331667	geckodriver::marionette	INFO	Starting browser C:\Program Files (x86)\Mozilla Firefox\firefox.exe with args ["-marionette"]
1503331334539	Marionette	INFO	Listening on port 61631
1503331334795	Marionette	WARN	TLS certificate errors will be ignored for this session
1503331335609	Marionette	INFO	New connections will no longer be accepted
1503331336128	geckodriver	INFO	geckodriver 0.18.0
1503331336140	geckodriver	INFO	Listening on 127.0.0.1:61665
1503331338189	geckodriver::marionette	INFO	Starting browser C:\Program Files (x86)\Mozilla Firefox\firefox.exe with args ["-marionette"]
1503331341655	Marionette	INFO	Listening on port 61674
1503331341867	Marionette	WARN	TLS certificate errors will be ignored for this session
1503331343398	Marionette	INFO	New connections will no longer be accepted
1503399013276	geckodriver	INFO	geckodriver 0.18.0
1503399013293	geckodriver	INFO	Listening on 127.0.0.1:49310
1503399015348	geckodriver::marionette	INFO	Starting browser C:\Program Files (x86)\Mozilla Firefox\firefox.exe with args ["-marionette"]
1503399018680	Marionette	INFO	Listening on port 49319
1503399018974	Marionette	WARN	TLS certificate errors will be ignored for this session
1503399020146	Marionette	INFO	New connections will no longer be accepted
1503399021102	geckodriver	INFO	geckodriver 0.18.0
1503399021114	geckodriver	INFO	Listening on 127.0.0.1:49357
1503399023148	geckodriver::marionette	INFO	Starting browser C:\Program Files (x86)\Mozilla Firefox\firefox.exe with args ["-marionette"]
1503399026113	Marionette	INFO	Listening on port 49367
1503399026285	Marionette	WARN	TLS certificate errors will be ignored for this session
1503399027029	Marionette	INFO	New connections will no longer be accepted
1503399027415	geckodriver	INFO	geckodriver 0.18.0
1503399027427	geckodriver	INFO	Listening on 127.0.0.1:49394
1503399029461	geckodriver::marionette	INFO	Starting browser C:\Program Files (x86)\Mozilla Firefox\firefox.exe with args ["-marionette"]
1503399032251	Marionette	INFO	Listening on port 49405
1503399032592	Marionette	WARN	TLS certificate errors will be ignored for this session
1503399033568	Marionette	INFO	New connections will no longer be accepted
1503401449662	geckodriver	INFO	geckodriver 0.18.0
1503401449684	geckodriver	INFO	Listening on 127.0.0.1:52744
1503401451732	geckodriver::marionette	INFO	Starting browser C:\Program Files (x86)\Mozilla Firefox\firefox.exe with args ["-marionette"]
1503401455497	Marionette	INFO	Listening on port 52754
1503401455867	Marionette	WARN	TLS certificate errors will be ignored for this session
1503401460462	Marionette	INFO	New connections will no longer be accepted
1503401919309	geckodriver	INFO	geckodriver 0.18.0
1503401919317	geckodriver	INFO	Listening on 127.0.0.1:53391
1503401921366	geckodriver::marionette	INFO	Starting browser C:\Program Files (x86)\Mozilla Firefox\firefox.exe with args ["-marionette"]
1503401924467	Marionette	INFO	Listening on port 53399
1503401924619	Marionette	WARN	TLS certificate errors will be ignored for this session
1503401925701	Marionette	INFO	New connections will no longer be accepted
1503401955582	geckodriver	INFO	geckodriver 0.18.0
1503401955590	geckodriver	INFO	Listening on 127.0.0.1:53468
1503401957628	geckodriver::marionette	INFO	Starting browser C:\Program Files (x86)\Mozilla Firefox\firefox.exe with args ["-marionette"]
1503401960361	Marionette	INFO	Listening on port 53477
1503401960765	Marionette	WARN	TLS certificate errors will be ignored for this session
1503401961836	Marionette	INFO	New connections will no longer be accepted
1503402069303	geckodriver	INFO	geckodriver 0.18.0
1503402069311	geckodriver	INFO	Listening on 127.0.0.1:53641
1503402071351	geckodriver::marionette	INFO	Starting browser C:\Program Files (x86)\Mozilla Firefox\firefox.exe with args ["-marionette"]
1503402074150	Marionette	INFO	Listening on port 53649
1503402074475	Marionette	WARN	TLS certificate errors will be ignored for this session
1503402075486	Marionette	INFO	New connections will no longer be accepted
1503402112659	geckodriver	INFO	geckodriver 0.18.0
1503402112666	geckodriver	INFO	Listening on 127.0.0.1:53724
1503402114718	geckodriver::marionette	INFO	Starting browser C:\Program Files (x86)\Mozilla Firefox\firefox.exe with args ["-marionette"]
1503402117624	Marionette	INFO	Listening on port 53732
1503402117855	Marionette	WARN	TLS certificate errors will be ignored for this session
1503402119106	Marionette	INFO	New connections will no longer be accepted
1503402399502	geckodriver	INFO	geckodriver 0.18.0
1503402399513	geckodriver	INFO	Listening on 127.0.0.1:54092
1503402401529	geckodriver::marionette	INFO	Starting browser C:\Program Files (x86)\Mozilla Firefox\firefox.exe with args ["-marionette"]
1503402404797	Marionette	INFO	Listening on port 54100
1503402405150	Marionette	WARN	TLS certificate errors will be ignored for this session
1503402409416	Marionette	INFO	New connections will no longer be accepted
1503402485271	geckodriver	INFO	geckodriver 0.18.0
1503402485278	geckodriver	INFO	Listening on 127.0.0.1:54244
1503402487321	geckodriver::marionette	INFO	Starting browser C:\Program Files (x86)\Mozilla Firefox\firefox.exe with args ["-marionette"]
1503402490395	Marionette	INFO	Listening on port 54253
1503402490523	Marionette	WARN	TLS certificate errors will be ignored for this session
1503402494699	Marionette	INFO	New connections will no longer be accepted
1503403201276	geckodriver	INFO	geckodriver 0.18.0
1503403201284	geckodriver	INFO	Listening on 127.0.0.1:55530
1503403203346	geckodriver::marionette	INFO	Starting browser C:\Program Files (x86)\Mozilla Firefox\firefox.exe with args ["-marionette"]
1503403206525	Marionette	INFO	Listening on port 55538
1503403206962	Marionette	WARN	TLS certificate errors will be ignored for this session
1503403211279	Marionette	INFO	New connections will no longer be accepted
1503403227727	geckodriver	INFO	geckodriver 0.18.0
1503403227735	geckodriver	INFO	Listening on 127.0.0.1:55600
1503403229787	geckodriver::marionette	INFO	Starting browser C:\Program Files (x86)\Mozilla Firefox\firefox.exe with args ["-marionette"]
1503403233104	Marionette	INFO	Listening on port 55608
1503403233411	Marionette	WARN	TLS certificate errors will be ignored for this session
1503403234843	Marionette	INFO	New connections will no longer be accepted
1503403262162	geckodriver	INFO	geckodriver 0.18.0
1503403262169	geckodriver	INFO	Listening on 127.0.0.1:55676
1503403264242	geckodriver::marionette	INFO	Starting browser C:\Program Files (x86)\Mozilla Firefox\firefox.exe with args ["-marionette"]
1503403267711	Marionette	INFO	Listening on port 55718
1503403267892	Marionette	WARN	TLS certificate errors will be ignored for this session
1503403269128	Marionette	INFO	New connections will no longer be accepted
1503922468573	geckodriver	INFO	geckodriver 0.18.0
1503922468682	geckodriver	INFO	Listening on 127.0.0.1:51488
1503922470616	geckodriver::marionette	INFO	Starting browser C:\Program Files (x86)\Mozilla Firefox\firefox.exe with args ["-marionette"]
1503922474386	Marionette	INFO	Listening on port 51497
1503922474739	Marionette	WARN	TLS certificate errors will be ignored for this session
1503922477165	Marionette	INFO	New connections will no longer be accepted
1503922521886	geckodriver	INFO	geckodriver 0.18.0
1503922521893	geckodriver	INFO	Listening on 127.0.0.1:51589
1503922523929	geckodriver::marionette	INFO	Starting browser C:\Program Files (x86)\Mozilla Firefox\firefox.exe with args ["-marionette"]
1503922526792	Marionette	INFO	Listening on port 51597
1503922527059	Marionette	WARN	TLS certificate errors will be ignored for this session
1503922528181	Marionette	INFO	New connections will no longer be accepted
1503922860562	geckodriver	INFO	geckodriver 0.18.0
1503922860571	geckodriver	INFO	Listening on 127.0.0.1:52035
1503922862600	geckodriver::marionette	INFO	Starting browser C:\Program Files (x86)\Mozilla Firefox\firefox.exe with args ["-marionette"]
1503922865249	Marionette	INFO	Listening on port 52044
1503922865736	Marionette	WARN	TLS certificate errors will be ignored for this session
1503922869452	Marionette	INFO	New connections will no longer be accepted
1503923806032	geckodriver	INFO	geckodriver 0.18.0
1503923806040	geckodriver	INFO	Listening on 127.0.0.1:53173
1503923808092	geckodriver::marionette	INFO	Starting browser C:\Program Files (x86)\Mozilla Firefox\firefox.exe with args ["-marionette"]
1503923810639	Marionette	INFO	Listening on port 53181
1503923811210	Marionette	WARN	TLS certificate errors will be ignored for this session
1503923814796	Marionette	INFO	New connections will no longer be accepted
1503923842812	geckodriver	INFO	geckodriver 0.18.0
1503923842820	geckodriver	INFO	Listening on 127.0.0.1:53250
1503923844862	geckodriver::marionette	INFO	Starting browser C:\Program Files (x86)\Mozilla Firefox\firefox.exe with args ["-marionette"]
1503923847463	Marionette	INFO	Listening on port 53260
1503923847985	Marionette	WARN	TLS certificate errors will be ignored for this session
1503923851597	Marionette	INFO	New connections will no longer be accepted
1503923907825	geckodriver	INFO	geckodriver 0.18.0
1503923907835	geckodriver	INFO	Listening on 127.0.0.1:53366
1503923909865	geckodriver::marionette	INFO	Starting browser C:\Program Files (x86)\Mozilla Firefox\firefox.exe with args ["-marionette"]
1503923912595	Marionette	INFO	Listening on port 53375
1503923912990	Marionette	WARN	TLS certificate errors will be ignored for this session
1503923916618	Marionette	INFO	New connections will no longer be accepted
1503924059619	geckodriver	INFO	geckodriver 0.18.0
1503924059627	geckodriver	INFO	Listening on 127.0.0.1:53581
1503924061657	geckodriver::marionette	INFO	Starting browser C:\Program Files (x86)\Mozilla Firefox\firefox.exe with args ["-marionette"]
1503924064972	Marionette	INFO	Listening on port 53590
1503924065291	Marionette	WARN	TLS certificate errors will be ignored for this session
1503924069243	Marionette	INFO	New connections will no longer be accepted
1503924351908	geckodriver	INFO	geckodriver 0.18.0
1503924351915	geckodriver	INFO	Listening on 127.0.0.1:53994
1503924353944	geckodriver::marionette	INFO	Starting browser C:\Program Files (x86)\Mozilla Firefox\firefox.exe with args ["-marionette"]
1503924356876	Marionette	INFO	Listening on port 54002
1503924357088	Marionette	WARN	TLS certificate errors will be ignored for this session
1503924358189	Marionette	INFO	New connections will no longer be accepted
1503924466863	geckodriver	INFO	geckodriver 0.18.0
1503924466871	geckodriver	INFO	Listening on 127.0.0.1:54175
1503924468901	geckodriver::marionette	INFO	Starting browser C:\Program Files (x86)\Mozilla Firefox\firefox.exe with args ["-marionette"]
1503924471524	Marionette	INFO	Listening on port 54184
1503924472014	Marionette	WARN	TLS certificate errors will be ignored for this session
1503924473323	Marionette	INFO	New connections will no longer be accepted
1504178003206	geckodriver	INFO	geckodriver 0.18.0
1504178003213	geckodriver	INFO	Listening on 127.0.0.1:57116
1504178005285	geckodriver::marionette	INFO	Starting browser C:\Program Files\Mozilla Firefox\firefox.exe with args ["-marionette"]
1504178006789	addons.xpi	WARN	Error parsing extensions state: [Exception... "Component returned failure code: 0x80520012 (NS_ERROR_FILE_NOT_FOUND) [amIAddonManagerStartup.readStartupData]"  nsresult: "0x80520012 (NS_ERROR_FILE_NOT_FOUND)"  location: "JS frame :: resource://gre/modules/addons/XPIProvider.jsm :: loadExtensionState :: line 1596"  data: no] Stack trace: loadExtensionState()@resource://gre/modules/addons/XPIProvider.jsm:1596 < getInstallState()@resource://gre/modules/addons/XPIProvider.jsm:1631 < checkForChanges()@resource://gre/modules/addons/XPIProvider.jsm:3152 < startup()@resource://gre/modules/addons/XPIProvider.jsm:2246 < callProvider()@resource://gre/modules/AddonManager.jsm:271 < _startProvider()@resource://gre/modules/AddonManager.jsm:741 < startup()@resource://gre/modules/AddonManager.jsm:908 < startup()@resource://gre/modules/AddonManager.jsm:3122 < observe()@jar:file:///C:/Program%20Files/Mozilla%20Firefox/omni.ja!/components/addonManager.js:65
1504178007311	Marionette	INFO	Enabled via --marionette
Unable to read VR Path Registry from C:\Users\user\AppData\Local\openvr\openvrpaths.vrpath
[GPU 14012] WARNING: pipe error: 109: file c:/builds/moz2_slave/m-rel-w64-00000000000000000000/build/src/ipc/chromium/src/chrome/common/ipc_channel_win.cc, line 346
Unable to read VR Path Registry from C:\Users\user\AppData\Local\openvr\openvrpaths.vrpath
[Child 13456] WARNING: pipe error: 109: file c:/builds/moz2_slave/m-rel-w64-00000000000000000000/build/src/ipc/chromium/src/chrome/common/ipc_channel_win.cc, line 346
[Child 13456] WARNING: pipe error: 109: file c:/builds/moz2_slave/m-rel-w64-00000000000000000000/build/src/ipc/chromium/src/chrome/common/ipc_channel_win.cc, line 346
1504178009094	Marionette	INFO	Listening on port 57122
1504178009102	Marionette	INFO	Listening on port 57122
1504178009409	Marionette	WARN	TLS certificate errors will be ignored for this session
1504178009452	Marionette	DEBUG	loaded listener.js
1504178009485	Marionette	DEBUG	Received DOM event "beforeunload" for "about:blank"
1504178009839	Marionette	DEBUG	Received DOM event "pagehide" for "about:blank"
1504178009839	Marionette	DEBUG	Received DOM event "unload" for "about:blank"
1504178010039	Marionette	DEBUG	Received DOM event "DOMContentLoaded" for "http://localhost:8081/en/"
1504178010246	Marionette	DEBUG	Received DOM event "pageshow" for "http://localhost:8081/en/"
1504178010348	Marionette	INFO	New connections will no longer be accepted
[GFX1-]: Receive IPC close with reason=AbnormalShutdown
1504178010666	geckodriver	INFO	geckodriver 0.18.0
1504178010673	geckodriver	INFO	Listening on 127.0.0.1:57162
1504178012751	geckodriver::marionette	INFO	Starting browser C:\Program Files\Mozilla Firefox\firefox.exe with args ["-marionette"]
1504178012945	addons.xpi	WARN	Error parsing extensions state: [Exception... "Component returned failure code: 0x80520012 (NS_ERROR_FILE_NOT_FOUND) [amIAddonManagerStartup.readStartupData]"  nsresult: "0x80520012 (NS_ERROR_FILE_NOT_FOUND)"  location: "JS frame :: resource://gre/modules/addons/XPIProvider.jsm :: loadExtensionState :: line 1596"  data: no] Stack trace: loadExtensionState()@resource://gre/modules/addons/XPIProvider.jsm:1596 < getInstallState()@resource://gre/modules/addons/XPIProvider.jsm:1631 < checkForChanges()@resource://gre/modules/addons/XPIProvider.jsm:3152 < startup()@resource://gre/modules/addons/XPIProvider.jsm:2246 < callProvider()@resource://gre/modules/AddonManager.jsm:271 < _startProvider()@resource://gre/modules/AddonManager.jsm:741 < startup()@resource://gre/modules/AddonManager.jsm:908 < startup()@resource://gre/modules/AddonManager.jsm:3122 < observe()@jar:file:///C:/Program%20Files/Mozilla%20Firefox/omni.ja!/components/addonManager.js:65
1504178013291	Marionette	INFO	Enabled via --marionette
Unable to read VR Path Registry from C:\Users\user\AppData\Local\openvr\openvrpaths.vrpath
[GPU 5340] WARNING: pipe error: 109: file c:/builds/moz2_slave/m-rel-w64-00000000000000000000/build/src/ipc/chromium/src/chrome/common/ipc_channel_win.cc, line 346
Unable to read VR Path Registry from C:\Users\user\AppData\Local\openvr\openvrpaths.vrpath
[Child 12836] WARNING: pipe error: 109: file c:/builds/moz2_slave/m-rel-w64-00000000000000000000/build/src/ipc/chromium/src/chrome/common/ipc_channel_win.cc, line 346
[Child 12836] WARNING: pipe error: 109: file c:/builds/moz2_slave/m-rel-w64-00000000000000000000/build/src/ipc/chromium/src/chrome/common/ipc_channel_win.cc, line 346
1504178014820	Marionette	INFO	Listening on port 57170
1504178014826	Marionette	INFO	Listening on port 57170
1504178015874	Marionette	WARN	TLS certificate errors will be ignored for this session
1504178015913	Marionette	DEBUG	loaded listener.js
1504178015977	Marionette	DEBUG	Received DOM event "beforeunload" for "about:blank"
1504178016258	Marionette	DEBUG	Received DOM event "pagehide" for "about:blank"
1504178016258	Marionette	DEBUG	Received DOM event "unload" for "about:blank"
1504178016266	Marionette	DEBUG	Received DOM event "DOMContentLoaded" for "http://localhost:8081/robots.txt"
1504178016281	Marionette	DEBUG	Received DOM event "pageshow" for "http://localhost:8081/robots.txt"
1504178016329	Marionette	DEBUG	Received DOM event "beforeunload" for "http://localhost:8081/robots.txt"
1504178016351	Marionette	DEBUG	Received DOM event "pagehide" for "http://localhost:8081/robots.txt"
1504178016351	Marionette	DEBUG	Received DOM event "unload" for "http://localhost:8081/robots.txt"
1504178016357	Marionette	DEBUG	Received DOM event "DOMContentLoaded" for "http://localhost:8081/humans.txt"
1504178016367	Marionette	DEBUG	Received DOM event "pageshow" for "http://localhost:8081/humans.txt"
1504178016389	Marionette	INFO	New connections will no longer be accepted
[GFX1-]: Receive IPC close with reason=AbnormalShutdown
1504178016681	geckodriver	INFO	geckodriver 0.18.0
1504178016688	geckodriver	INFO	Listening on 127.0.0.1:57207
1504178018733	geckodriver::marionette	INFO	Starting browser C:\Program Files\Mozilla Firefox\firefox.exe with args ["-marionette"]
1504178018935	addons.xpi	WARN	Error parsing extensions state: [Exception... "Component returned failure code: 0x80520012 (NS_ERROR_FILE_NOT_FOUND) [amIAddonManagerStartup.readStartupData]"  nsresult: "0x80520012 (NS_ERROR_FILE_NOT_FOUND)"  location: "JS frame :: resource://gre/modules/addons/XPIProvider.jsm :: loadExtensionState :: line 1596"  data: no] Stack trace: loadExtensionState()@resource://gre/modules/addons/XPIProvider.jsm:1596 < getInstallState()@resource://gre/modules/addons/XPIProvider.jsm:1631 < checkForChanges()@resource://gre/modules/addons/XPIProvider.jsm:3152 < startup()@resource://gre/modules/addons/XPIProvider.jsm:2246 < callProvider()@resource://gre/modules/AddonManager.jsm:271 < _startProvider()@resource://gre/modules/AddonManager.jsm:741 < startup()@resource://gre/modules/AddonManager.jsm:908 < startup()@resource://gre/modules/AddonManager.jsm:3122 < observe()@jar:file:///C:/Program%20Files/Mozilla%20Firefox/omni.ja!/components/addonManager.js:65
1504178019368	Marionette	INFO	Enabled via --marionette
Unable to read VR Path Registry from C:\Users\user\AppData\Local\openvr\openvrpaths.vrpath
[GPU 13940] WARNING: pipe error: 109: file c:/builds/moz2_slave/m-rel-w64-00000000000000000000/build/src/ipc/chromium/src/chrome/common/ipc_channel_win.cc, line 346
1504178020737	Marionette	INFO	Listening on port 57215
1504178020754	Marionette	WARN	TLS certificate errors will be ignored for this session
1504178020766	Marionette	INFO	Listening on port 57215
1504178020794	Marionette	DEBUG	loaded listener.js
1504178020818	Marionette	DEBUG	Received DOM event "beforeunload" for "about:blank"
1504178021086	Marionette	DEBUG	Received DOM event "pagehide" for "about:blank"
1504178021086	Marionette	DEBUG	Received DOM event "unload" for "about:blank"
1504178021280	Marionette	DEBUG	Received DOM event "DOMContentLoaded" for "http://localhost:8081/en/"
1504178021372	Marionette	DEBUG	Received DOM event "pageshow" for "http://localhost:8081/en/"
1504178021390	Marionette	INFO	New connections will no longer be accepted
1504178021689	geckodriver	INFO	geckodriver 0.18.0
1504178021695	geckodriver	INFO	Listening on 127.0.0.1:57246
1504178023778	geckodriver::marionette	INFO	Starting browser C:\Program Files\Mozilla Firefox\firefox.exe with args ["-marionette"]
1504178024000	addons.xpi	WARN	Error parsing extensions state: [Exception... "Component returned failure code: 0x80520012 (NS_ERROR_FILE_NOT_FOUND) [amIAddonManagerStartup.readStartupData]"  nsresult: "0x80520012 (NS_ERROR_FILE_NOT_FOUND)"  location: "JS frame :: resource://gre/modules/addons/XPIProvider.jsm :: loadExtensionState :: line 1596"  data: no] Stack trace: loadExtensionState()@resource://gre/modules/addons/XPIProvider.jsm:1596 < getInstallState()@resource://gre/modules/addons/XPIProvider.jsm:1631 < checkForChanges()@resource://gre/modules/addons/XPIProvider.jsm:3152 < startup()@resource://gre/modules/addons/XPIProvider.jsm:2246 < callProvider()@resource://gre/modules/AddonManager.jsm:271 < _startProvider()@resource://gre/modules/AddonManager.jsm:741 < startup()@resource://gre/modules/AddonManager.jsm:908 < startup()@resource://gre/modules/AddonManager.jsm:3122 < observe()@jar:file:///C:/Program%20Files/Mozilla%20Firefox/omni.ja!/components/addonManager.js:65
1504178024388	Marionette	INFO	Enabled via --marionette
Unable to read VR Path Registry from C:\Users\user\AppData\Local\openvr\openvrpaths.vrpath
[GPU 12080] WARNING: pipe error: 109: file c:/builds/moz2_slave/m-rel-w64-00000000000000000000/build/src/ipc/chromium/src/chrome/common/ipc_channel_win.cc, line 346
1504178025935	Marionette	INFO	Listening on port 57254
1504178025961	Marionette	INFO	Listening on port 57254
1504178026899	Marionette	WARN	TLS certificate errors will be ignored for this session
1504178026936	Marionette	DEBUG	loaded listener.js
1504178027006	Marionette	DEBUG	Received DOM event "beforeunload" for "about:blank"
1504178027292	Marionette	DEBUG	Received DOM event "pagehide" for "about:blank"
1504178027293	Marionette	DEBUG	Received DOM event "unload" for "about:blank"
1504178027550	Marionette	DEBUG	Received DOM event "DOMContentLoaded" for "http://localhost:8081/en/"
1504178027655	Marionette	DEBUG	Received DOM event "pageshow" for "http://localhost:8081/en/"
1504178027727	Marionette	DEBUG	Received DOM event "beforeunload" for "http://localhost:8081/en/"
1504178027754	Marionette	DEBUG	Received DOM event "pagehide" for "http://localhost:8081/en/"
1504178027754	Marionette	DEBUG	Received DOM event "unload" for "http://localhost:8081/en/"
Unable to read VR Path Registry from C:\Users\user\AppData\Local\openvr\openvrpaths.vrpath
JavaScript error: http://localhost:8081/static/js/vendor/bootstrap.min.js, line 6: Error: Bootstrap's JavaScript requires jQuery
1504178027845	Marionette	DEBUG	Received DOM event "DOMContentLoaded" for "http://localhost:8081/ca/"
1504178028063	Marionette	DEBUG	Received DOM event "pageshow" for "http://localhost:8081/ca/"
1504178028107	Marionette	INFO	New connections will no longer be accepted
1504178028392	geckodriver	INFO	geckodriver 0.18.0
1504178028398	geckodriver	INFO	Listening on 127.0.0.1:57299
1504178030455	geckodriver::marionette	INFO	Starting browser C:\Program Files\Mozilla Firefox\firefox.exe with args ["-marionette"]
1504178030641	addons.xpi	WARN	Error parsing extensions state: [Exception... "Component returned failure code: 0x80520012 (NS_ERROR_FILE_NOT_FOUND) [amIAddonManagerStartup.readStartupData]"  nsresult: "0x80520012 (NS_ERROR_FILE_NOT_FOUND)"  location: "JS frame :: resource://gre/modules/addons/XPIProvider.jsm :: loadExtensionState :: line 1596"  data: no] Stack trace: loadExtensionState()@resource://gre/modules/addons/XPIProvider.jsm:1596 < getInstallState()@resource://gre/modules/addons/XPIProvider.jsm:1631 < checkForChanges()@resource://gre/modules/addons/XPIProvider.jsm:3152 < startup()@resource://gre/modules/addons/XPIProvider.jsm:2246 < callProvider()@resource://gre/modules/AddonManager.jsm:271 < _startProvider()@resource://gre/modules/AddonManager.jsm:741 < startup()@resource://gre/modules/AddonManager.jsm:908 < startup()@resource://gre/modules/AddonManager.jsm:3122 < observe()@jar:file:///C:/Program%20Files/Mozilla%20Firefox/omni.ja!/components/addonManager.js:65
1504178031037	Marionette	INFO	Enabled via --marionette
Unable to read VR Path Registry from C:\Users\user\AppData\Local\openvr\openvrpaths.vrpath
[GPU 5472] WARNING: pipe error: 109: file c:/builds/moz2_slave/m-rel-w64-00000000000000000000/build/src/ipc/chromium/src/chrome/common/ipc_channel_win.cc, line 346
Unable to read VR Path Registry from C:\Users\user\AppData\Local\openvr\openvrpaths.vrpath
[Child 10296] WARNING: pipe error: 109: file c:/builds/moz2_slave/m-rel-w64-00000000000000000000/build/src/ipc/chromium/src/chrome/common/ipc_channel_win.cc, line 346
[Child 10296] WARNING: pipe error: 109: file c:/builds/moz2_slave/m-rel-w64-00000000000000000000/build/src/ipc/chromium/src/chrome/common/ipc_channel_win.cc, line 346
1504178032631	Marionette	INFO	Listening on port 57307
1504178032640	Marionette	INFO	Listening on port 57307
1504178033574	Marionette	WARN	TLS certificate errors will be ignored for this session
1504178033626	Marionette	DEBUG	loaded listener.js
1504178033704	Marionette	DEBUG	Received DOM event "beforeunload" for "about:blank"
1504178033986	Marionette	DEBUG	Received DOM event "pagehide" for "about:blank"
1504178033987	Marionette	DEBUG	Received DOM event "unload" for "about:blank"
1504178034240	Marionette	DEBUG	Received DOM event "DOMContentLoaded" for "http://localhost:8081/en/"
1504178034349	Marionette	DEBUG	Received DOM event "pageshow" for "http://localhost:8081/en/"
1504178034381	Marionette	INFO	New connections will no longer be accepted
[GFX1-]: Receive IPC close with reason=AbnormalShutdown
1504178034684	geckodriver	INFO	geckodriver 0.18.0
1504178034695	geckodriver	INFO	Listening on 127.0.0.1:57347
1504178036779	geckodriver::marionette	INFO	Starting browser C:\Program Files\Mozilla Firefox\firefox.exe with args ["-marionette"]
1504178036983	addons.xpi	WARN	Error parsing extensions state: [Exception... "Component returned failure code: 0x80520012 (NS_ERROR_FILE_NOT_FOUND) [amIAddonManagerStartup.readStartupData]"  nsresult: "0x80520012 (NS_ERROR_FILE_NOT_FOUND)"  location: "JS frame :: resource://gre/modules/addons/XPIProvider.jsm :: loadExtensionState :: line 1596"  data: no] Stack trace: loadExtensionState()@resource://gre/modules/addons/XPIProvider.jsm:1596 < getInstallState()@resource://gre/modules/addons/XPIProvider.jsm:1631 < checkForChanges()@resource://gre/modules/addons/XPIProvider.jsm:3152 < startup()@resource://gre/modules/addons/XPIProvider.jsm:2246 < callProvider()@resource://gre/modules/AddonManager.jsm:271 < _startProvider()@resource://gre/modules/AddonManager.jsm:741 < startup()@resource://gre/modules/AddonManager.jsm:908 < startup()@resource://gre/modules/AddonManager.jsm:3122 < observe()@jar:file:///C:/Program%20Files/Mozilla%20Firefox/omni.ja!/components/addonManager.js:65
1504178037352	Marionette	INFO	Enabled via --marionette
Unable to read VR Path Registry from C:\Users\user\AppData\Local\openvr\openvrpaths.vrpath
[GPU 10292] WARNING: pipe error: 109: file c:/builds/moz2_slave/m-rel-w64-00000000000000000000/build/src/ipc/chromium/src/chrome/common/ipc_channel_win.cc, line 346
1504178038806	Marionette	INFO	Listening on port 57355
1504178038812	Marionette	INFO	Listening on port 57355
1504178039948	Marionette	WARN	TLS certificate errors will be ignored for this session
1504178039982	Marionette	DEBUG	loaded listener.js
1504178040015	Marionette	DEBUG	Received DOM event "beforeunload" for "about:blank"
1504178040282	Marionette	DEBUG	Received DOM event "pagehide" for "about:blank"
1504178040282	Marionette	DEBUG	Received DOM event "unload" for "about:blank"
1504178040482	Marionette	DEBUG	Received DOM event "DOMContentLoaded" for "http://localhost:8081/en/"
1504178040586	Marionette	DEBUG	Received DOM event "pageshow" for "http://localhost:8081/en/"
1504178040679	Marionette	INFO	New connections will no longer be accepted
1504178111977	geckodriver	INFO	geckodriver 0.18.0
1504178111983	geckodriver	INFO	Listening on 127.0.0.1:57403
1504178114064	geckodriver::marionette	INFO	Starting browser C:\Program Files\Mozilla Firefox\firefox.exe with args ["-marionette"]
1504178114260	addons.xpi	WARN	Error parsing extensions state: [Exception... "Component returned failure code: 0x80520012 (NS_ERROR_FILE_NOT_FOUND) [amIAddonManagerStartup.readStartupData]"  nsresult: "0x80520012 (NS_ERROR_FILE_NOT_FOUND)"  location: "JS frame :: resource://gre/modules/addons/XPIProvider.jsm :: loadExtensionState :: line 1596"  data: no] Stack trace: loadExtensionState()@resource://gre/modules/addons/XPIProvider.jsm:1596 < getInstallState()@resource://gre/modules/addons/XPIProvider.jsm:1631 < checkForChanges()@resource://gre/modules/addons/XPIProvider.jsm:3152 < startup()@resource://gre/modules/addons/XPIProvider.jsm:2246 < callProvider()@resource://gre/modules/AddonManager.jsm:271 < _startProvider()@resource://gre/modules/AddonManager.jsm:741 < startup()@resource://gre/modules/AddonManager.jsm:908 < startup()@resource://gre/modules/AddonManager.jsm:3122 < observe()@jar:file:///C:/Program%20Files/Mozilla%20Firefox/omni.ja!/components/addonManager.js:65
1504178114632	Marionette	INFO	Enabled via --marionette
Unable to read VR Path Registry from C:\Users\user\AppData\Local\openvr\openvrpaths.vrpath
[GPU 7152] WARNING: pipe error: 109: file c:/builds/moz2_slave/m-rel-w64-00000000000000000000/build/src/ipc/chromium/src/chrome/common/ipc_channel_win.cc, line 346
1504178116109	Marionette	INFO	Listening on port 57409
1504178116122	Marionette	INFO	Listening on port 57409
1504178117179	Marionette	WARN	TLS certificate errors will be ignored for this session
1504178117211	Marionette	DEBUG	loaded listener.js
1504178117239	Marionette	DEBUG	Received DOM event "beforeunload" for "about:blank"
1504178117614	Marionette	DEBUG	Received DOM event "pagehide" for "about:blank"
1504178117614	Marionette	DEBUG	Received DOM event "unload" for "about:blank"
1504178117820	Marionette	DEBUG	Received DOM event "DOMContentLoaded" for "http://localhost:8081/en/"
1504178117938	Marionette	DEBUG	Received DOM event "pageshow" for "http://localhost:8081/en/"
1504178117993	Marionette	INFO	New connections will no longer be accepted
1504178118298	geckodriver	INFO	geckodriver 0.18.0
1504178118307	geckodriver	INFO	Listening on 127.0.0.1:57451
1504178120391	geckodriver::marionette	INFO	Starting browser C:\Program Files\Mozilla Firefox\firefox.exe with args ["-marionette"]
1504178120589	addons.xpi	WARN	Error parsing extensions state: [Exception... "Component returned failure code: 0x80520012 (NS_ERROR_FILE_NOT_FOUND) [amIAddonManagerStartup.readStartupData]"  nsresult: "0x80520012 (NS_ERROR_FILE_NOT_FOUND)"  location: "JS frame :: resource://gre/modules/addons/XPIProvider.jsm :: loadExtensionState :: line 1596"  data: no] Stack trace: loadExtensionState()@resource://gre/modules/addons/XPIProvider.jsm:1596 < getInstallState()@resource://gre/modules/addons/XPIProvider.jsm:1631 < checkForChanges()@resource://gre/modules/addons/XPIProvider.jsm:3152 < startup()@resource://gre/modules/addons/XPIProvider.jsm:2246 < callProvider()@resource://gre/modules/AddonManager.jsm:271 < _startProvider()@resource://gre/modules/AddonManager.jsm:741 < startup()@resource://gre/modules/AddonManager.jsm:908 < startup()@resource://gre/modules/AddonManager.jsm:3122 < observe()@jar:file:///C:/Program%20Files/Mozilla%20Firefox/omni.ja!/components/addonManager.js:65
1504178121029	Marionette	INFO	Enabled via --marionette
1504178122536	Marionette	INFO	Listening on port 57459
1504178122545	Marionette	INFO	Listening on port 57459
1504178123506	Marionette	WARN	TLS certificate errors will be ignored for this session
1504178123540	Marionette	DEBUG	loaded listener.js
1504178123563	Marionette	DEBUG	Received DOM event "beforeunload" for "about:blank"
1504178123830	Marionette	DEBUG	Received DOM event "pagehide" for "about:blank"
1504178123831	Marionette	DEBUG	Received DOM event "unload" for "about:blank"
1504178123850	Marionette	DEBUG	Received DOM event "DOMContentLoaded" for "http://localhost:8081/robots.txt"
1504178123866	Marionette	DEBUG	Received DOM event "pageshow" for "http://localhost:8081/robots.txt"
1504178123941	Marionette	DEBUG	Received DOM event "beforeunload" for "http://localhost:8081/robots.txt"
1504178123963	Marionette	DEBUG	Received DOM event "pagehide" for "http://localhost:8081/robots.txt"
1504178123963	Marionette	DEBUG	Received DOM event "unload" for "http://localhost:8081/robots.txt"
1504178123969	Marionette	DEBUG	Received DOM event "DOMContentLoaded" for "http://localhost:8081/humans.txt"
1504178123977	Marionette	DEBUG	Received DOM event "pageshow" for "http://localhost:8081/humans.txt"
1504178124002	Marionette	INFO	New connections will no longer be accepted
1504178124277	geckodriver	INFO	geckodriver 0.18.0
1504178124283	geckodriver	INFO	Listening on 127.0.0.1:57494
1504178126362	geckodriver::marionette	INFO	Starting browser C:\Program Files\Mozilla Firefox\firefox.exe with args ["-marionette"]
1504178126548	addons.xpi	WARN	Error parsing extensions state: [Exception... "Component returned failure code: 0x80520012 (NS_ERROR_FILE_NOT_FOUND) [amIAddonManagerStartup.readStartupData]"  nsresult: "0x80520012 (NS_ERROR_FILE_NOT_FOUND)"  location: "JS frame :: resource://gre/modules/addons/XPIProvider.jsm :: loadExtensionState :: line 1596"  data: no] Stack trace: loadExtensionState()@resource://gre/modules/addons/XPIProvider.jsm:1596 < getInstallState()@resource://gre/modules/addons/XPIProvider.jsm:1631 < checkForChanges()@resource://gre/modules/addons/XPIProvider.jsm:3152 < startup()@resource://gre/modules/addons/XPIProvider.jsm:2246 < callProvider()@resource://gre/modules/AddonManager.jsm:271 < _startProvider()@resource://gre/modules/AddonManager.jsm:741 < startup()@resource://gre/modules/AddonManager.jsm:908 < startup()@resource://gre/modules/AddonManager.jsm:3122 < observe()@jar:file:///C:/Program%20Files/Mozilla%20Firefox/omni.ja!/components/addonManager.js:65
1504178126898	Marionette	INFO	Enabled via --marionette
Unable to read VR Path Registry from C:\Users\user\AppData\Local\openvr\openvrpaths.vrpath
[GPU 11132] WARNING: pipe error: 109: file c:/builds/moz2_slave/m-rel-w64-00000000000000000000/build/src/ipc/chromium/src/chrome/common/ipc_channel_win.cc, line 346
1504178128269	Marionette	INFO	Listening on port 57502
1504178128292	Marionette	INFO	Listening on port 57502
1504178128382	Marionette	WARN	TLS certificate errors will be ignored for this session
1504178128428	Marionette	DEBUG	loaded listener.js
1504178128455	Marionette	DEBUG	Received DOM event "beforeunload" for "about:blank"
1504178128740	Marionette	DEBUG	Received DOM event "pagehide" for "about:blank"
1504178128741	Marionette	DEBUG	Received DOM event "unload" for "about:blank"
1504178128928	Marionette	DEBUG	Received DOM event "DOMContentLoaded" for "http://localhost:8081/en/"
1504178129016	Marionette	DEBUG	Received DOM event "pageshow" for "http://localhost:8081/en/"
1504178129030	Marionette	INFO	New connections will no longer be accepted
1504178129310	geckodriver	INFO	geckodriver 0.18.0
1504178129316	geckodriver	INFO	Listening on 127.0.0.1:57534
1504178131402	geckodriver::marionette	INFO	Starting browser C:\Program Files\Mozilla Firefox\firefox.exe with args ["-marionette"]
1504178131588	addons.xpi	WARN	Error parsing extensions state: [Exception... "Component returned failure code: 0x80520012 (NS_ERROR_FILE_NOT_FOUND) [amIAddonManagerStartup.readStartupData]"  nsresult: "0x80520012 (NS_ERROR_FILE_NOT_FOUND)"  location: "JS frame :: resource://gre/modules/addons/XPIProvider.jsm :: loadExtensionState :: line 1596"  data: no] Stack trace: loadExtensionState()@resource://gre/modules/addons/XPIProvider.jsm:1596 < getInstallState()@resource://gre/modules/addons/XPIProvider.jsm:1631 < checkForChanges()@resource://gre/modules/addons/XPIProvider.jsm:3152 < startup()@resource://gre/modules/addons/XPIProvider.jsm:2246 < callProvider()@resource://gre/modules/AddonManager.jsm:271 < _startProvider()@resource://gre/modules/AddonManager.jsm:741 < startup()@resource://gre/modules/AddonManager.jsm:908 < startup()@resource://gre/modules/AddonManager.jsm:3122 < observe()@jar:file:///C:/Program%20Files/Mozilla%20Firefox/omni.ja!/components/addonManager.js:65
1504178132008	Marionette	INFO	Enabled via --marionette
Unable to read VR Path Registry from C:\Users\user\AppData\Local\openvr\openvrpaths.vrpath
[GPU 14244] WARNING: pipe error: 109: file c:/builds/moz2_slave/m-rel-w64-00000000000000000000/build/src/ipc/chromium/src/chrome/common/ipc_channel_win.cc, line 346
Unable to read VR Path Registry from C:\Users\user\AppData\Local\openvr\openvrpaths.vrpath
[Parent 8524] WARNING: pipe error: 109: file c:/builds/moz2_slave/m-rel-w64-00000000000000000000/build/src/ipc/chromium/src/chrome/common/ipc_channel_win.cc, line 346
Unable to read VR Path Registry from C:\Users\user\AppData\Local\openvr\openvrpaths.vrpath
[Child 7500] WARNING: pipe error: 109: file c:/builds/moz2_slave/m-rel-w64-00000000000000000000/build/src/ipc/chromium/src/chrome/common/ipc_channel_win.cc, line 346
[Child 7500] WARNING: pipe error: 109: file c:/builds/moz2_slave/m-rel-w64-00000000000000000000/build/src/ipc/chromium/src/chrome/common/ipc_channel_win.cc, line 346
1504178133554	Marionette	INFO	Listening on port 57542
1504178133560	Marionette	INFO	Listening on port 57542
1504178134538	Marionette	WARN	TLS certificate errors will be ignored for this session
1504178134582	Marionette	DEBUG	loaded listener.js
1504178134611	Marionette	DEBUG	Received DOM event "beforeunload" for "about:blank"
1504178134882	Marionette	DEBUG	Received DOM event "pagehide" for "about:blank"
1504178134882	Marionette	DEBUG	Received DOM event "unload" for "about:blank"
1504178135101	Marionette	DEBUG	Received DOM event "DOMContentLoaded" for "http://localhost:8081/en/"
1504178135263	Marionette	DEBUG	Received DOM event "pageshow" for "http://localhost:8081/en/"
1504178135344	Marionette	DEBUG	Received DOM event "beforeunload" for "http://localhost:8081/en/"
1504178135364	Marionette	DEBUG	Received DOM event "pagehide" for "http://localhost:8081/en/"
1504178135364	Marionette	DEBUG	Received DOM event "unload" for "http://localhost:8081/en/"
Unable to read VR Path Registry from C:\Users\user\AppData\Local\openvr\openvrpaths.vrpath
JavaScript error: http://localhost:8081/static/js/vendor/bootstrap.min.js, line 6: Error: Bootstrap's JavaScript requires jQuery
1504178135470	Marionette	DEBUG	Received DOM event "DOMContentLoaded" for "http://localhost:8081/ca/"
1504178135574	Marionette	DEBUG	Received DOM event "pageshow" for "http://localhost:8081/ca/"
1504178135748	Marionette	INFO	New connections will no longer be accepted
[GFX1-]: Receive IPC close with reason=AbnormalShutdown
1504178136049	geckodriver	INFO	geckodriver 0.18.0
1504178136055	geckodriver	INFO	Listening on 127.0.0.1:57590
1504178138130	geckodriver::marionette	INFO	Starting browser C:\Program Files\Mozilla Firefox\firefox.exe with args ["-marionette"]
1504178138323	addons.xpi	WARN	Error parsing extensions state: [Exception... "Component returned failure code: 0x80520012 (NS_ERROR_FILE_NOT_FOUND) [amIAddonManagerStartup.readStartupData]"  nsresult: "0x80520012 (NS_ERROR_FILE_NOT_FOUND)"  location: "JS frame :: resource://gre/modules/addons/XPIProvider.jsm :: loadExtensionState :: line 1596"  data: no] Stack trace: loadExtensionState()@resource://gre/modules/addons/XPIProvider.jsm:1596 < getInstallState()@resource://gre/modules/addons/XPIProvider.jsm:1631 < checkForChanges()@resource://gre/modules/addons/XPIProvider.jsm:3152 < startup()@resource://gre/modules/addons/XPIProvider.jsm:2246 < callProvider()@resource://gre/modules/AddonManager.jsm:271 < _startProvider()@resource://gre/modules/AddonManager.jsm:741 < startup()@resource://gre/modules/AddonManager.jsm:908 < startup()@resource://gre/modules/AddonManager.jsm:3122 < observe()@jar:file:///C:/Program%20Files/Mozilla%20Firefox/omni.ja!/components/addonManager.js:65
1504178138700	Marionette	INFO	Enabled via --marionette
Unable to read VR Path Registry from C:\Users\user\AppData\Local\openvr\openvrpaths.vrpath
[GPU 11244] WARNING: pipe error: 109: file c:/builds/moz2_slave/m-rel-w64-00000000000000000000/build/src/ipc/chromium/src/chrome/common/ipc_channel_win.cc, line 346
1504178140123	Marionette	INFO	Listening on port 57598
1504178140129	Marionette	INFO	Listening on port 57598
1504178140151	Marionette	WARN	TLS certificate errors will be ignored for this session
1504178140187	Marionette	DEBUG	loaded listener.js
1504178140208	Marionette	DEBUG	Received DOM event "beforeunload" for "about:blank"
1504178140492	Marionette	DEBUG	Received DOM event "pagehide" for "about:blank"
1504178140493	Marionette	DEBUG	Received DOM event "unload" for "about:blank"
1504178140684	Marionette	DEBUG	Received DOM event "DOMContentLoaded" for "http://localhost:8081/en/"
1504178140779	Marionette	DEBUG	Received DOM event "pageshow" for "http://localhost:8081/en/"
1504178140821	Marionette	INFO	New connections will no longer be accepted
1504178141109	geckodriver	INFO	geckodriver 0.18.0
1504178141115	geckodriver	INFO	Listening on 127.0.0.1:57632
1504178143174	geckodriver::marionette	INFO	Starting browser C:\Program Files\Mozilla Firefox\firefox.exe with args ["-marionette"]
1504178143368	addons.xpi	WARN	Error parsing extensions state: [Exception... "Component returned failure code: 0x80520012 (NS_ERROR_FILE_NOT_FOUND) [amIAddonManagerStartup.readStartupData]"  nsresult: "0x80520012 (NS_ERROR_FILE_NOT_FOUND)"  location: "JS frame :: resource://gre/modules/addons/XPIProvider.jsm :: loadExtensionState :: line 1596"  data: no] Stack trace: loadExtensionState()@resource://gre/modules/addons/XPIProvider.jsm:1596 < getInstallState()@resource://gre/modules/addons/XPIProvider.jsm:1631 < checkForChanges()@resource://gre/modules/addons/XPIProvider.jsm:3152 < startup()@resource://gre/modules/addons/XPIProvider.jsm:2246 < callProvider()@resource://gre/modules/AddonManager.jsm:271 < _startProvider()@resource://gre/modules/AddonManager.jsm:741 < startup()@resource://gre/modules/AddonManager.jsm:908 < startup()@resource://gre/modules/AddonManager.jsm:3122 < observe()@jar:file:///C:/Program%20Files/Mozilla%20Firefox/omni.ja!/components/addonManager.js:65
1504178143725	Marionette	INFO	Enabled via --marionette
Unable to read VR Path Registry from C:\Users\user\AppData\Local\openvr\openvrpaths.vrpath
[GPU 7328] WARNING: pipe error: 109: file c:/builds/moz2_slave/m-rel-w64-00000000000000000000/build/src/ipc/chromium/src/chrome/common/ipc_channel_win.cc, line 346
Unable to read VR Path Registry from C:\Users\user\AppData\Local\openvr\openvrpaths.vrpath
[Child 12652] WARNING: pipe error: 109: file c:/builds/moz2_slave/m-rel-w64-00000000000000000000/build/src/ipc/chromium/src/chrome/common/ipc_channel_win.cc, line 346
[Child 12652] WARNING: pipe error: 109: file c:/builds/moz2_slave/m-rel-w64-00000000000000000000/build/src/ipc/chromium/src/chrome/common/ipc_channel_win.cc, line 346
1504178145220	Marionette	INFO	Listening on port 57640
1504178145227	Marionette	INFO	Listening on port 57640
1504178146292	Marionette	WARN	TLS certificate errors will be ignored for this session
1504178146326	Marionette	DEBUG	loaded listener.js
1504178146354	Marionette	DEBUG	Received DOM event "beforeunload" for "about:blank"
1504178146657	Marionette	DEBUG	Received DOM event "pagehide" for "about:blank"
1504178146657	Marionette	DEBUG	Received DOM event "unload" for "about:blank"
1504178146891	Marionette	DEBUG	Received DOM event "DOMContentLoaded" for "http://localhost:8081/en/"
1504178147203	Marionette	DEBUG	Received DOM event "pageshow" for "http://localhost:8081/en/"
1504178147293	Marionette	INFO	New connections will no longer be accepted
[GFX1-]: Receive IPC close with reason=AbnormalShutdown
1504178357515	geckodriver	INFO	geckodriver 0.18.0
1504178357521	geckodriver	INFO	Listening on 127.0.0.1:57714
1504178359620	geckodriver::marionette	INFO	Starting browser C:\Program Files\Mozilla Firefox\firefox.exe with args ["-marionette"]
1504178359822	addons.xpi	WARN	Error parsing extensions state: [Exception... "Component returned failure code: 0x80520012 (NS_ERROR_FILE_NOT_FOUND) [amIAddonManagerStartup.readStartupData]"  nsresult: "0x80520012 (NS_ERROR_FILE_NOT_FOUND)"  location: "JS frame :: resource://gre/modules/addons/XPIProvider.jsm :: loadExtensionState :: line 1596"  data: no] Stack trace: loadExtensionState()@resource://gre/modules/addons/XPIProvider.jsm:1596 < getInstallState()@resource://gre/modules/addons/XPIProvider.jsm:1631 < checkForChanges()@resource://gre/modules/addons/XPIProvider.jsm:3152 < startup()@resource://gre/modules/addons/XPIProvider.jsm:2246 < callProvider()@resource://gre/modules/AddonManager.jsm:271 < _startProvider()@resource://gre/modules/AddonManager.jsm:741 < startup()@resource://gre/modules/AddonManager.jsm:908 < startup()@resource://gre/modules/AddonManager.jsm:3122 < observe()@jar:file:///C:/Program%20Files/Mozilla%20Firefox/omni.ja!/components/addonManager.js:65
1504178360194	Marionette	INFO	Enabled via --marionette
Unable to read VR Path Registry from C:\Users\user\AppData\Local\openvr\openvrpaths.vrpath
[GPU 11224] WARNING: pipe error: 109: file c:/builds/moz2_slave/m-rel-w64-00000000000000000000/build/src/ipc/chromium/src/chrome/common/ipc_channel_win.cc, line 346
1504178361681	Marionette	INFO	Listening on port 57720
1504178361687	Marionette	INFO	Listening on port 57720
1504178362780	Marionette	WARN	TLS certificate errors will be ignored for this session
1504178362820	Marionette	DEBUG	loaded listener.js
1504178362858	Marionette	DEBUG	Received DOM event "beforeunload" for "about:blank"
1504178363237	Marionette	DEBUG	Received DOM event "pagehide" for "about:blank"
1504178363237	Marionette	DEBUG	Received DOM event "unload" for "about:blank"
1504178363561	Marionette	DEBUG	Received DOM event "DOMContentLoaded" for "http://localhost:8081/en/"
1504178363869	Marionette	DEBUG	Received DOM event "pageshow" for "http://localhost:8081/en/"
1504178363900	Marionette	INFO	New connections will no longer be accepted
1504178410253	geckodriver	INFO	geckodriver 0.18.0
1504178410259	geckodriver	INFO	Listening on 127.0.0.1:57765
1504178412352	geckodriver::marionette	INFO	Starting browser C:\Program Files\Mozilla Firefox\firefox.exe with args ["-marionette"]
1504178412535	addons.xpi	WARN	Error parsing extensions state: [Exception... "Component returned failure code: 0x80520012 (NS_ERROR_FILE_NOT_FOUND) [amIAddonManagerStartup.readStartupData]"  nsresult: "0x80520012 (NS_ERROR_FILE_NOT_FOUND)"  location: "JS frame :: resource://gre/modules/addons/XPIProvider.jsm :: loadExtensionState :: line 1596"  data: no] Stack trace: loadExtensionState()@resource://gre/modules/addons/XPIProvider.jsm:1596 < getInstallState()@resource://gre/modules/addons/XPIProvider.jsm:1631 < checkForChanges()@resource://gre/modules/addons/XPIProvider.jsm:3152 < startup()@resource://gre/modules/addons/XPIProvider.jsm:2246 < callProvider()@resource://gre/modules/AddonManager.jsm:271 < _startProvider()@resource://gre/modules/AddonManager.jsm:741 < startup()@resource://gre/modules/AddonManager.jsm:908 < startup()@resource://gre/modules/AddonManager.jsm:3122 < observe()@jar:file:///C:/Program%20Files/Mozilla%20Firefox/omni.ja!/components/addonManager.js:65
1504178412914	Marionette	INFO	Enabled via --marionette
Unable to read VR Path Registry from C:\Users\user\AppData\Local\openvr\openvrpaths.vrpath
[GPU 2052] WARNING: pipe error: 109: file c:/builds/moz2_slave/m-rel-w64-00000000000000000000/build/src/ipc/chromium/src/chrome/common/ipc_channel_win.cc, line 346
Unable to read VR Path Registry from C:\Users\user\AppData\Local\openvr\openvrpaths.vrpath
[Parent 1100] WARNING: pipe error: 109: file c:/builds/moz2_slave/m-rel-w64-00000000000000000000/build/src/ipc/chromium/src/chrome/common/ipc_channel_win.cc, line 346
Unable to read VR Path Registry from C:\Users\user\AppData\Local\openvr\openvrpaths.vrpath
[Child 10416] WARNING: pipe error: 109: file c:/builds/moz2_slave/m-rel-w64-00000000000000000000/build/src/ipc/chromium/src/chrome/common/ipc_channel_win.cc, line 346
[Child 10416] WARNING: pipe error: 109: file c:/builds/moz2_slave/m-rel-w64-00000000000000000000/build/src/ipc/chromium/src/chrome/common/ipc_channel_win.cc, line 346
1504178414427	Marionette	INFO	Listening on port 57771
1504178414433	Marionette	INFO	Listening on port 57771
1504178415465	Marionette	WARN	TLS certificate errors will be ignored for this session
1504178415496	Marionette	DEBUG	loaded listener.js
1504178415531	Marionette	DEBUG	Received DOM event "beforeunload" for "about:blank"
1504178415921	Marionette	DEBUG	Received DOM event "pagehide" for "about:blank"
1504178415922	Marionette	DEBUG	Received DOM event "unload" for "about:blank"
1504178416145	Marionette	DEBUG	Received DOM event "DOMContentLoaded" for "http://localhost:8081/en/"
1504178416255	Marionette	DEBUG	Received DOM event "pageshow" for "http://localhost:8081/en/"
1504178416290	Marionette	INFO	New connections will no longer be accepted
[GFX1-]: Receive IPC close with reason=AbnormalShutdown
1504178426524	geckodriver	INFO	geckodriver 0.18.0
1504178426529	geckodriver	INFO	Listening on 127.0.0.1:57815
1504178428613	geckodriver::marionette	INFO	Starting browser C:\Program Files\Mozilla Firefox\firefox.exe with args ["-marionette"]
1504178428800	addons.xpi	WARN	Error parsing extensions state: [Exception... "Component returned failure code: 0x80520012 (NS_ERROR_FILE_NOT_FOUND) [amIAddonManagerStartup.readStartupData]"  nsresult: "0x80520012 (NS_ERROR_FILE_NOT_FOUND)"  location: "JS frame :: resource://gre/modules/addons/XPIProvider.jsm :: loadExtensionState :: line 1596"  data: no] Stack trace: loadExtensionState()@resource://gre/modules/addons/XPIProvider.jsm:1596 < getInstallState()@resource://gre/modules/addons/XPIProvider.jsm:1631 < checkForChanges()@resource://gre/modules/addons/XPIProvider.jsm:3152 < startup()@resource://gre/modules/addons/XPIProvider.jsm:2246 < callProvider()@resource://gre/modules/AddonManager.jsm:271 < _startProvider()@resource://gre/modules/AddonManager.jsm:741 < startup()@resource://gre/modules/AddonManager.jsm:908 < startup()@resource://gre/modules/AddonManager.jsm:3122 < observe()@jar:file:///C:/Program%20Files/Mozilla%20Firefox/omni.ja!/components/addonManager.js:65
1504178429171	Marionette	INFO	Enabled via --marionette
Unable to read VR Path Registry from C:\Users\user\AppData\Local\openvr\openvrpaths.vrpath
[GPU 8796] WARNING: pipe error: 109: file c:/builds/moz2_slave/m-rel-w64-00000000000000000000/build/src/ipc/chromium/src/chrome/common/ipc_channel_win.cc, line 346
Unable to read VR Path Registry from C:\Users\user\AppData\Local\openvr\openvrpaths.vrpath
[Child 5716] WARNING: pipe error: 109: file c:/builds/moz2_slave/m-rel-w64-00000000000000000000/build/src/ipc/chromium/src/chrome/common/ipc_channel_win.cc, line 346
[Child 5716] WARNING: pipe error: 109: file c:/builds/moz2_slave/m-rel-w64-00000000000000000000/build/src/ipc/chromium/src/chrome/common/ipc_channel_win.cc, line 346
1504178430624	Marionette	INFO	Listening on port 57821
1504178430642	Marionette	INFO	Listening on port 57821
1504178431736	Marionette	WARN	TLS certificate errors will be ignored for this session
1504178431782	Marionette	DEBUG	loaded listener.js
1504178431812	Marionette	DEBUG	Received DOM event "beforeunload" for "about:blank"
1504178432216	Marionette	DEBUG	Received DOM event "pagehide" for "about:blank"
1504178432217	Marionette	DEBUG	Received DOM event "unload" for "about:blank"
1504178432424	Marionette	DEBUG	Received DOM event "DOMContentLoaded" for "http://localhost:8081/en/"
1504178432654	Marionette	DEBUG	Received DOM event "pageshow" for "http://localhost:8081/en/"
1504178432675	Marionette	INFO	New connections will no longer be accepted
[GFX1-]: Receive IPC close with reason=AbnormalShutdown
